@!@!@STARTMSG 2262:0 @!@!@
TLC2 Version 2.16 of 31 December 2020 (rev: cdddf55)
@!@!@ENDMSG 2262 @!@!@
@!@!@STARTMSG 2187:0 @!@!@
Running breadth-first search Model-Checking with fp 53 and seed -1196663146996606140 with 1 worker on 10 cores with 7282MB heap and 64MB offheap memory [pid: 28382] (Mac OS X 14.4.1 aarch64, Eclipse Adoptium 17.0.10 x86_64, MSBDiskFPSet, DiskStateQueue).
@!@!@ENDMSG 2187 @!@!@
@!@!@STARTMSG 2220:0 @!@!@
Starting SANY...
@!@!@ENDMSG 2220 @!@!@
Parsing file /Users/josh/Desktop/tla/raft.tla
Warning: symbols were renamed.
Parsing file /private/var/folders/38/rg8l3mgn1677rrzcw4rkktc80000gp/T/Integers.tla
Parsing file /private/var/folders/38/rg8l3mgn1677rrzcw4rkktc80000gp/T/Sequences.tla
Parsing file /private/var/folders/38/rg8l3mgn1677rrzcw4rkktc80000gp/T/TLC.tla
Parsing file /private/var/folders/38/rg8l3mgn1677rrzcw4rkktc80000gp/T/Naturals.tla
Parsing file /private/var/folders/38/rg8l3mgn1677rrzcw4rkktc80000gp/T/FiniteSets.tla
Semantic processing of module Naturals
Semantic processing of module Integers
Semantic processing of module Sequences
Semantic processing of module FiniteSets
Semantic processing of module TLC
Semantic processing of module raft
@!@!@STARTMSG 2219:0 @!@!@
SANY finished.
@!@!@ENDMSG 2219 @!@!@
@!@!@STARTMSG 2185:0 @!@!@
Starting... (2024-05-14 20:39:46)
@!@!@ENDMSG 2185 @!@!@
@!@!@STARTMSG 2189:0 @!@!@
Computing initial states...
@!@!@ENDMSG 2189 @!@!@
@!@!@STARTMSG 2190:0 @!@!@
Finished computing initial states: 1 distinct state generated at 2024-05-14 20:39:46.
@!@!@ENDMSG 2190 @!@!@
@!@!@STARTMSG 2114:1 @!@!@
Deadlock reached.
@!@!@ENDMSG 2114 @!@!@
@!@!@STARTMSG 2121:1 @!@!@
The behavior up to this point is:
@!@!@ENDMSG 2121 @!@!@
@!@!@STARTMSG 2217:4 @!@!@
1: <Initial predicate>
/\ heartbeats = <<<<>>, <<>>>>
/\ vote_index = (3 :> 1 @@ 4 :> 1)
/\ heartbeat_dropped = <<FALSE, FALSE>>
/\ heartbeat_index = (5 :> 1 @@ 6 :> 1)
/\ pc = << "leader_loop",
   "leader_loop",
   "voter_loop",
   "voter_loop",
   "follower_loop",
   "follower_loop" >>
/\ pid_ = <<1, 2>>
/\ states = <<"follower", "follower">>
/\ pid_v = (3 :> 1 @@ 4 :> 2)
/\ votes = <<<<>>, <<>>>>
/\ pid = (5 :> 1 @@ 6 :> 2)
/\ terms = <<0, 0>>

@!@!@ENDMSG 2217 @!@!@
@!@!@STARTMSG 2217:4 @!@!@
2: <leader_loop line 214, col 22 to line 220, col 79 of module raft>
/\ heartbeats = <<<<>>, <<>>>>
/\ vote_index = (3 :> 1 @@ 4 :> 1)
/\ heartbeat_dropped = <<FALSE, FALSE>>
/\ heartbeat_index = (5 :> 1 @@ 6 :> 1)
/\ pc = << "leader_election",
   "leader_loop",
   "voter_loop",
   "voter_loop",
   "follower_loop",
   "follower_loop" >>
/\ pid_ = <<1, 2>>
/\ states = <<"follower", "follower">>
/\ pid_v = (3 :> 1 @@ 4 :> 2)
/\ votes = <<<<>>, <<>>>>
/\ pid = (5 :> 1 @@ 6 :> 2)
/\ terms = <<0, 0>>

@!@!@ENDMSG 2217 @!@!@
@!@!@STARTMSG 2217:4 @!@!@
3: <leader_election line 222, col 26 to line 229, col 47 of module raft>
/\ heartbeats = <<<<>>, <<>>>>
/\ vote_index = (3 :> 1 @@ 4 :> 1)
/\ heartbeat_dropped = <<FALSE, FALSE>>
/\ heartbeat_index = (5 :> 1 @@ 6 :> 1)
/\ pc = << "request_vote",
   "leader_loop",
   "voter_loop",
   "voter_loop",
   "follower_loop",
   "follower_loop" >>
/\ pid_ = <<1, 2>>
/\ states = <<"follower", "follower">>
/\ pid_v = (3 :> 1 @@ 4 :> 2)
/\ votes = <<<<>>, <<>>>>
/\ pid = (5 :> 1 @@ 6 :> 2)
/\ terms = <<0, 0>>

@!@!@ENDMSG 2217 @!@!@
@!@!@STARTMSG 2217:4 @!@!@
4: <leader_loop line 214, col 22 to line 220, col 79 of module raft>
/\ heartbeats = <<<<>>, <<>>>>
/\ vote_index = (3 :> 1 @@ 4 :> 1)
/\ heartbeat_dropped = <<FALSE, FALSE>>
/\ heartbeat_index = (5 :> 1 @@ 6 :> 1)
/\ pc = << "request_vote",
   "leader_election",
   "voter_loop",
   "voter_loop",
   "follower_loop",
   "follower_loop" >>
/\ pid_ = <<1, 2>>
/\ states = <<"follower", "follower">>
/\ pid_v = (3 :> 1 @@ 4 :> 2)
/\ votes = <<<<>>, <<>>>>
/\ pid = (5 :> 1 @@ 6 :> 2)
/\ terms = <<0, 0>>

@!@!@ENDMSG 2217 @!@!@
@!@!@STARTMSG 2217:4 @!@!@
5: <leader_election line 222, col 26 to line 229, col 47 of module raft>
/\ heartbeats = <<<<>>, <<>>>>
/\ vote_index = (3 :> 1 @@ 4 :> 1)
/\ heartbeat_dropped = <<FALSE, FALSE>>
/\ heartbeat_index = (5 :> 1 @@ 6 :> 1)
/\ pc = << "request_vote",
   "request_vote",
   "voter_loop",
   "voter_loop",
   "follower_loop",
   "follower_loop" >>
/\ pid_ = <<1, 2>>
/\ states = <<"follower", "follower">>
/\ pid_v = (3 :> 1 @@ 4 :> 2)
/\ votes = <<<<>>, <<>>>>
/\ pid = (5 :> 1 @@ 6 :> 2)
/\ terms = <<0, 0>>

@!@!@ENDMSG 2217 @!@!@
@!@!@STARTMSG 2217:4 @!@!@
6: <follower_loop line 294, col 24 to line 301, col 81 of module raft>
/\ heartbeats = <<<<>>, <<>>>>
/\ vote_index = (3 :> 1 @@ 4 :> 1)
/\ heartbeat_dropped = <<FALSE, FALSE>>
/\ heartbeat_index = (5 :> 1 @@ 6 :> 1)
/\ pc = << "request_vote",
   "request_vote",
   "voter_loop",
   "voter_loop",
   "follower_recv_heartbeat",
   "follower_loop" >>
/\ pid_ = <<1, 2>>
/\ states = <<"follower", "follower">>
/\ pid_v = (3 :> 1 @@ 4 :> 2)
/\ votes = <<<<>>, <<>>>>
/\ pid = (5 :> 1 @@ 6 :> 2)
/\ terms = <<0, 0>>

@!@!@ENDMSG 2217 @!@!@
@!@!@STARTMSG 2217:4 @!@!@
7: <follower_loop line 294, col 24 to line 301, col 81 of module raft>
/\ heartbeats = <<<<>>, <<>>>>
/\ vote_index = (3 :> 1 @@ 4 :> 1)
/\ heartbeat_dropped = <<FALSE, FALSE>>
/\ heartbeat_index = (5 :> 1 @@ 6 :> 1)
/\ pc = << "request_vote",
   "request_vote",
   "voter_loop",
   "voter_loop",
   "follower_recv_heartbeat",
   "follower_recv_heartbeat" >>
/\ pid_ = <<1, 2>>
/\ states = <<"follower", "follower">>
/\ pid_v = (3 :> 1 @@ 4 :> 2)
/\ votes = <<<<>>, <<>>>>
/\ pid = (5 :> 1 @@ 6 :> 2)
/\ terms = <<0, 0>>

@!@!@ENDMSG 2217 @!@!@
@!@!@STARTMSG 2201:0 @!@!@
The coverage statistics at 2024-05-14 20:39:46
@!@!@ENDMSG 2201 @!@!@
@!@!@STARTMSG 2773:0 @!@!@
<Init line 196, col 1 to line 196, col 4 of module raft>: 2:2
@!@!@ENDMSG 2773 @!@!@
@!@!@STARTMSG 2221:0 @!@!@
  line 197, col 9 to line 212, col 81 of module raft: 2
@!@!@ENDMSG 2221 @!@!@
@!@!@STARTMSG 2772:0 @!@!@
<leader_loop line 214, col 1 to line 214, col 17 of module raft>: 4:162
@!@!@ENDMSG 2772 @!@!@
@!@!@STARTMSG 2221:0 @!@!@
  line 214, col 25 to line 214, col 48 of module raft: 522
@!@!@ENDMSG 2221 @!@!@
@!@!@STARTMSG 2221:0 @!@!@
  |line 214, col 25 to line 214, col 32 of module raft: 360
@!@!@ENDMSG 2221 @!@!@
@!@!@STARTMSG 2221:0 @!@!@
  line 215, col 28 to line 215, col 56 of module raft: 162
@!@!@ENDMSG 2221 @!@!@
@!@!@STARTMSG 2221:0 @!@!@
  line 216, col 33 to line 216, col 80 of module raft: 162
@!@!@ENDMSG 2221 @!@!@
@!@!@STARTMSG 2221:0 @!@!@
  line 217, col 36 to line 217, col 69 of module raft: 0
@!@!@ENDMSG 2221 @!@!@
@!@!@STARTMSG 2221:0 @!@!@
  line 218, col 25 to line 220, col 79 of module raft: 162
@!@!@ENDMSG 2221 @!@!@
@!@!@STARTMSG 2772:0 @!@!@
<leader_election line 222, col 1 to line 222, col 21 of module raft>: 4:118
@!@!@ENDMSG 2772 @!@!@
@!@!@STARTMSG 2221:0 @!@!@
  line 222, col 29 to line 222, col 56 of module raft: 476
@!@!@ENDMSG 2221 @!@!@
@!@!@STARTMSG 2221:0 @!@!@
  |line 222, col 29 to line 222, col 36 of module raft: 358
@!@!@ENDMSG 2221 @!@!@
@!@!@STARTMSG 2221:0 @!@!@
  line 223, col 32 to line 223, col 61 of module raft: 118
@!@!@ENDMSG 2221 @!@!@
@!@!@STARTMSG 2221:0 @!@!@
  line 224, col 37 to line 224, col 81 of module raft: 118
@!@!@ENDMSG 2221 @!@!@
@!@!@STARTMSG 2221:0 @!@!@
  line 225, col 40 to line 225, col 78 of module raft: 0
@!@!@ENDMSG 2221 @!@!@
@!@!@STARTMSG 2221:0 @!@!@
  line 226, col 29 to line 229, col 47 of module raft: 118
@!@!@ENDMSG 2221 @!@!@
@!@!@STARTMSG 2772:0 @!@!@
<request_vote line 231, col 1 to line 231, col 18 of module raft>: 6:12
@!@!@ENDMSG 2772 @!@!@
@!@!@STARTMSG 2221:0 @!@!@
  line 231, col 26 to line 231, col 50 of module raft: 368
@!@!@ENDMSG 2221 @!@!@
@!@!@STARTMSG 2221:0 @!@!@
  |line 231, col 26 to line 231, col 33 of module raft: 356
@!@!@ENDMSG 2221 @!@!@
@!@!@STARTMSG 2221:0 @!@!@
  line 232, col 26 to line 232, col 54 of module raft: 12
@!@!@ENDMSG 2221 @!@!@
@!@!@STARTMSG 2221:0 @!@!@
  |line 232, col 26 to line 232, col 42 of module raft: 78
@!@!@ENDMSG 2221 @!@!@
@!@!@STARTMSG 2221:0 @!@!@
  |line 232, col 44 to line 232, col 53 of module raft: 78
@!@!@ENDMSG 2221 @!@!@
@!@!@STARTMSG 2221:0 @!@!@
  line 233, col 26 to line 233, col 78 of module raft: 12
@!@!@ENDMSG 2221 @!@!@
@!@!@STARTMSG 2221:0 @!@!@
  line 234, col 26 to line 234, col 86 of module raft: 12
@!@!@ENDMSG 2221 @!@!@
@!@!@STARTMSG 2221:0 @!@!@
  line 235, col 26 to line 239, col 36 of module raft: 12
@!@!@ENDMSG 2221 @!@!@
@!@!@STARTMSG 2221:0 @!@!@
  |line 235, col 50 to line 239, col 36 of module raft: 12
@!@!@ENDMSG 2221 @!@!@
@!@!@STARTMSG 2775:0 @!@!@
  ||line 182, col 22 to line 182, col 70 of module raft: 12:28
@!@!@ENDMSG 2775 @!@!@
@!@!@STARTMSG 2221:0 @!@!@
  ||line 235, col 55 to line 235, col 59 of module raft: 12
@!@!@ENDMSG 2221 @!@!@
@!@!@STARTMSG 2221:0 @!@!@
  ||line 235, col 62 to line 239, col 35 of module raft: 24
@!@!@ENDMSG 2221 @!@!@
@!@!@STARTMSG 2221:0 @!@!@
  line 240, col 26 to line 240, col 94 of module raft: 12
@!@!@ENDMSG 2221 @!@!@
@!@!@STARTMSG 2221:0 @!@!@
  line 241, col 26 to line 241, col 66 of module raft: 12
@!@!@ENDMSG 2221 @!@!@
@!@!@STARTMSG 2221:0 @!@!@
  line 242, col 26 to line 243, col 61 of module raft: 12
@!@!@ENDMSG 2221 @!@!@
@!@!@STARTMSG 2772:0 @!@!@
<check_votes line 245, col 1 to line 245, col 17 of module raft>: 0:0
@!@!@ENDMSG 2772 @!@!@
@!@!@STARTMSG 2221:0 @!@!@
  line 245, col 25 to line 245, col 48 of module raft: 356
@!@!@ENDMSG 2221 @!@!@
@!@!@STARTMSG 2221:0 @!@!@
  line 246, col 25 to line 248, col 126 of module raft: 2
@!@!@ENDMSG 2221 @!@!@
@!@!@STARTMSG 2221:0 @!@!@
  line 250, col 36 to line 250, col 87 of module raft: 0
@!@!@ENDMSG 2221 @!@!@
@!@!@STARTMSG 2221:0 @!@!@
  line 251, col 36 to line 251, col 49 of module raft: 0
@!@!@ENDMSG 2221 @!@!@
@!@!@STARTMSG 2221:0 @!@!@
  line 252, col 36 to line 252, col 85 of module raft: 0
@!@!@ENDMSG 2221 @!@!@
@!@!@STARTMSG 2221:0 @!@!@
  line 253, col 36 to line 253, col 96 of module raft: 0
@!@!@ENDMSG 2221 @!@!@
@!@!@STARTMSG 2221:0 @!@!@
  line 254, col 25 to line 254, col 69 of module raft: 0
@!@!@ENDMSG 2221 @!@!@
@!@!@STARTMSG 2221:0 @!@!@
  line 255, col 25 to line 257, col 43 of module raft: 0
@!@!@ENDMSG 2221 @!@!@
@!@!@STARTMSG 2772:0 @!@!@
<heartbeat line 259, col 1 to line 259, col 15 of module raft>: 0:0
@!@!@ENDMSG 2772 @!@!@
@!@!@STARTMSG 2221:0 @!@!@
  line 259, col 23 to line 259, col 44 of module raft: 356
@!@!@ENDMSG 2221 @!@!@
@!@!@STARTMSG 2221:0 @!@!@
  line 260, col 23 to line 260, col 83 of module raft: 0
@!@!@ENDMSG 2221 @!@!@
@!@!@STARTMSG 2221:0 @!@!@
  line 261, col 23 to line 264, col 38 of module raft: 0
@!@!@ENDMSG 2221 @!@!@
@!@!@STARTMSG 2221:0 @!@!@
  line 265, col 23 to line 265, col 63 of module raft: 0
@!@!@ENDMSG 2221 @!@!@
@!@!@STARTMSG 2221:0 @!@!@
  line 266, col 23 to line 267, col 77 of module raft: 0
@!@!@ENDMSG 2221 @!@!@
@!@!@STARTMSG 2772:0 @!@!@
<voter_loop line 272, col 1 to line 272, col 16 of module raft>: 4:4
@!@!@ENDMSG 2772 @!@!@
@!@!@STARTMSG 2221:0 @!@!@
  line 272, col 24 to line 272, col 46 of module raft: 358
@!@!@ENDMSG 2221 @!@!@
@!@!@STARTMSG 2221:0 @!@!@
  |line 272, col 24 to line 272, col 31 of module raft: 354
@!@!@ENDMSG 2221 @!@!@
@!@!@STARTMSG 2221:0 @!@!@
  line 273, col 27 to line 273, col 56 of module raft: 354
@!@!@ENDMSG 2221 @!@!@
@!@!@STARTMSG 2221:0 @!@!@
  line 274, col 35 to line 274, col 76 of module raft: 358
@!@!@ENDMSG 2221 @!@!@
@!@!@STARTMSG 2221:0 @!@!@
  |line 274, col 35 to line 274, col 57 of module raft: 354
@!@!@ENDMSG 2221 @!@!@
@!@!@STARTMSG 2221:0 @!@!@
  |line 274, col 61 to line 274, col 76 of module raft: 354
@!@!@ENDMSG 2221 @!@!@
@!@!@STARTMSG 2221:0 @!@!@
  line 275, col 38 to line 277, col 161 of module raft: 4
@!@!@ENDMSG 2221 @!@!@
@!@!@STARTMSG 2221:0 @!@!@
  |line 275, col 38 to line 275, col 99 of module raft: 4
@!@!@ENDMSG 2221 @!@!@
@!@!@STARTMSG 2221:0 @!@!@
  |line 277, col 38 to line 277, col 161 of module raft: 2
@!@!@ENDMSG 2221 @!@!@
@!@!@STARTMSG 2221:0 @!@!@
  line 278, col 43 to line 282, col 56 of module raft: 2
@!@!@ENDMSG 2221 @!@!@
@!@!@STARTMSG 2221:0 @!@!@
  line 283, col 43 to line 284, col 59 of module raft: 2
@!@!@ENDMSG 2221 @!@!@
@!@!@STARTMSG 2221:0 @!@!@
  line 285, col 35 to line 285, col 98 of module raft: 4
@!@!@ENDMSG 2221 @!@!@
@!@!@STARTMSG 2221:0 @!@!@
  line 286, col 35 to line 286, col 74 of module raft: 4
@!@!@ENDMSG 2221 @!@!@
@!@!@STARTMSG 2221:0 @!@!@
  line 287, col 35 to line 287, col 68 of module raft: 0
@!@!@ENDMSG 2221 @!@!@
@!@!@STARTMSG 2221:0 @!@!@
  line 288, col 35 to line 288, col 67 of module raft: 0
@!@!@ENDMSG 2221 @!@!@
@!@!@STARTMSG 2221:0 @!@!@
  line 289, col 24 to line 290, col 79 of module raft: 4
@!@!@ENDMSG 2221 @!@!@
@!@!@STARTMSG 2772:0 @!@!@
<follower_loop line 294, col 1 to line 294, col 19 of module raft>: 184:300
@!@!@ENDMSG 2772 @!@!@
@!@!@STARTMSG 2221:0 @!@!@
  line 294, col 27 to line 294, col 52 of module raft: 503
@!@!@ENDMSG 2221 @!@!@
@!@!@STARTMSG 2221:0 @!@!@
  |line 294, col 27 to line 294, col 34 of module raft: 353
@!@!@ENDMSG 2221 @!@!@
@!@!@STARTMSG 2221:0 @!@!@
  line 295, col 30 to line 295, col 57 of module raft: 150
@!@!@ENDMSG 2221 @!@!@
@!@!@STARTMSG 2221:0 @!@!@
  line 296, col 35 to line 297, col 96 of module raft: 150
@!@!@ENDMSG 2221 @!@!@
@!@!@STARTMSG 2221:0 @!@!@
  line 298, col 38 to line 298, col 71 of module raft: 0
@!@!@ENDMSG 2221 @!@!@
@!@!@STARTMSG 2221:0 @!@!@
  line 299, col 27 to line 301, col 81 of module raft: 300
@!@!@ENDMSG 2221 @!@!@
@!@!@STARTMSG 2772:0 @!@!@
<follower_recv_heartbeat line 303, col 1 to line 303, col 29 of module raft>: 0:0
@!@!@ENDMSG 2772 @!@!@
@!@!@STARTMSG 2221:0 @!@!@
  line 303, col 37 to line 303, col 72 of module raft: 351
@!@!@ENDMSG 2221 @!@!@
@!@!@STARTMSG 2221:0 @!@!@
  line 304, col 37 to line 304, col 86 of module raft: 103
@!@!@ENDMSG 2221 @!@!@
@!@!@STARTMSG 2221:0 @!@!@
  line 306, col 48 to line 306, col 98 of module raft: 0
@!@!@ENDMSG 2221 @!@!@
@!@!@STARTMSG 2221:0 @!@!@
  line 307, col 48 to line 307, col 135 of module raft: 0
@!@!@ENDMSG 2221 @!@!@
@!@!@STARTMSG 2221:0 @!@!@
  line 309, col 48 to line 309, col 76 of module raft: 0
@!@!@ENDMSG 2221 @!@!@
@!@!@STARTMSG 2221:0 @!@!@
  line 310, col 37 to line 310, col 115 of module raft: 0
@!@!@ENDMSG 2221 @!@!@
@!@!@STARTMSG 2221:0 @!@!@
  line 311, col 37 to line 311, col 104 of module raft: 0
@!@!@ENDMSG 2221 @!@!@
@!@!@STARTMSG 2221:0 @!@!@
  line 312, col 37 to line 312, col 79 of module raft: 0
@!@!@ENDMSG 2221 @!@!@
@!@!@STARTMSG 2221:0 @!@!@
  line 313, col 37 to line 314, col 74 of module raft: 0
@!@!@ENDMSG 2221 @!@!@
@!@!@STARTMSG 2772:0 @!@!@
<follower_drop_heartbeat line 316, col 1 to line 316, col 29 of module raft>: 46:100
@!@!@ENDMSG 2772 @!@!@
@!@!@STARTMSG 2221:0 @!@!@
  line 316, col 37 to line 316, col 72 of module raft: 451
@!@!@ENDMSG 2221 @!@!@
@!@!@STARTMSG 2221:0 @!@!@
  |line 316, col 37 to line 316, col 44 of module raft: 351
@!@!@ENDMSG 2221 @!@!@
@!@!@STARTMSG 2221:0 @!@!@
  line 317, col 37 to line 317, col 103 of module raft: 100
@!@!@ENDMSG 2221 @!@!@
@!@!@STARTMSG 2221:0 @!@!@
  line 318, col 37 to line 318, col 79 of module raft: 100
@!@!@ENDMSG 2221 @!@!@
@!@!@STARTMSG 2221:0 @!@!@
  line 319, col 37 to line 321, col 79 of module raft: 100
@!@!@ENDMSG 2221 @!@!@
@!@!@STARTMSG 2772:0 @!@!@
<Terminating line 327, col 1 to line 327, col 11 of module raft>: 0:0
@!@!@ENDMSG 2772 @!@!@
@!@!@STARTMSG 2221:0 @!@!@
  line 327, col 19 to line 327, col 56 of module raft: 175
@!@!@ENDMSG 2221 @!@!@
@!@!@STARTMSG 2221:0 @!@!@
  line 328, col 19 to line 328, col 32 of module raft: 0
@!@!@ENDMSG 2221 @!@!@
@!@!@STARTMSG 2774:0 @!@!@
<TypeOK line 185, col 1 to line 185, col 6 of module raft>
@!@!@ENDMSG 2774 @!@!@
@!@!@STARTMSG 2221:0 @!@!@
  line 187, col 5 to line 187, col 55 of module raft: 249
@!@!@ENDMSG 2221 @!@!@
@!@!@STARTMSG 2202:0 @!@!@
End of statistics.
@!@!@ENDMSG 2202 @!@!@
@!@!@STARTMSG 2200:0 @!@!@
Progress(7) at 2024-05-14 20:39:46: 689 states generated (99,136 s/min), 249 distinct states found (35,827 ds/min), 74 states left on queue.
@!@!@ENDMSG 2200 @!@!@
@!@!@STARTMSG 2199:0 @!@!@
689 states generated, 249 distinct states found, 74 states left on queue.
@!@!@ENDMSG 2199 @!@!@
@!@!@STARTMSG 2194:0 @!@!@
The depth of the complete state graph search is 7.
@!@!@ENDMSG 2194 @!@!@
@!@!@STARTMSG 2268:0 @!@!@
The average outdegree of the complete state graph is 1 (minimum is 0, the maximum 6 and the 95th percentile is 5).
@!@!@ENDMSG 2268 @!@!@
@!@!@STARTMSG 2186:0 @!@!@
Finished in 421ms at (2024-05-14 20:39:46)
@!@!@ENDMSG 2186 @!@!@
